Downloading https://services.gradle.org/distributions/gradle-8.14-bin.zip
.............10%.............20%.............30%.............40%.............50%.............60%.............70%.............80%.............90%..............100%

Welcome to Gradle 8.14!

Here are the highlights of this release:
 - Java 24 support
 - GraalVM Native Image toolchain selection
 - Enhancements to test reporting
 - Build Authoring improvements

For more details see https://docs.gradle.org/8.14/release-notes.html

Starting a Gradle Daemon (subsequent builds will be faster)
> Task :compileJava

> Task :installFrontend
npm warn deprecated inflight@1.0.6: This module is not supported, and leaks memory. Do not use it. Check out lru-cache if you want a good and tested way to coalesce async requests by a key value, which is much more comprehensive and powerful.
npm warn deprecated glob@7.2.3: Old versions of glob are not supported, and contain widely publicized security vulnerabilities, which have been fixed in the current version. Please update. Support for old versions may be purchased (at exorbitant rates) by contacting i@izs.me
npm warn deprecated whatwg-encoding@1.0.5: Use @exodus/bytes instead for a more spec-conformant and faster implementation
npm warn deprecated w3c-hr-time@1.0.2: Use your platform's native performance.now() and performance.timeOrigin.
npm warn deprecated stable@0.1.8: Modern JS already guarantees Array#sort() is a stable sort, so this library is deprecated. See the compatibility table on MDN: https://developer.mozilla.org/en-US/docs/Web/JavaScript/Reference/Global_Objects/Array/sort#browser_compatibility
npm warn deprecated rimraf@3.0.2: Rimraf versions prior to v4 are no longer supported
npm warn deprecated rollup-plugin-terser@7.0.2: This package has been deprecated and is no longer maintained. Please use @rollup/plugin-terser
npm warn deprecated sourcemap-codec@1.4.8: Please use @jridgewell/sourcemap-codec instead
npm warn deprecated q@1.5.1: You or someone you depend on is using Q, the JavaScript Promise library that gave JavaScript developers strong feelings about promises. They can almost certainly migrate to the native JavaScript promise now. Thank you literally everyone for joining me in this bet against the odds. Be excellent to each other.
npm warn deprecated
npm warn deprecated (For a CapTP with native promises, see @endo/eventual-send and @endo/captp)
npm warn deprecated workbox-cacheable-response@6.6.0: workbox-background-sync@6.6.0
npm warn deprecated workbox-google-analytics@6.6.0: It is not compatible with newer versions of GA starting with v4, as long as you are using GAv3 it should be ok, but the package is not longer being maintained
npm warn deprecated domexception@2.0.1: Use your platform's native DOMException instead
npm warn deprecated abab@2.0.6: Use your platform's native atob() and btoa() methods instead
npm warn deprecated @humanwhocodes/config-array@0.13.0: Use @eslint/config-array instead
npm warn deprecated @humanwhocodes/object-schema@2.0.3: Use @eslint/object-schema instead
npm warn deprecated @babel/plugin-proposal-numeric-separator@7.18.6: This proposal has been merged to the ECMAScript standard and thus this plugin is no longer maintained. Please use @babel/plugin-transform-numeric-separator instead.
npm warn deprecated @babel/plugin-proposal-optional-chaining@7.21.0: This proposal has been merged to the ECMAScript standard and thus this plugin is no longer maintained. Please use @babel/plugin-transform-optional-chaining instead.
npm warn deprecated @babel/plugin-proposal-private-methods@7.18.6: This proposal has been merged to the ECMAScript standard and thus this plugin is no longer maintained. Please use @babel/plugin-transform-private-methods instead.
npm warn deprecated @babel/plugin-proposal-nullish-coalescing-operator@7.18.6: This proposal has been merged to the ECMAScript standard and thus this plugin is no longer maintained. Please use @babel/plugin-transform-nullish-coalescing-operator instead.
npm warn deprecated @babel/plugin-proposal-class-properties@7.18.6: This proposal has been merged to the ECMAScript standard and thus this plugin is no longer maintained. Please use @babel/plugin-transform-class-properties instead.
npm warn deprecated @babel/plugin-proposal-private-property-in-object@7.21.11: This proposal has been merged to the ECMAScript standard and thus this plugin is no longer maintained. Please use @babel/plugin-transform-private-property-in-object instead.
npm warn deprecated source-map@0.8.0-beta.0: The work that was done in this beta branch won't be included in future versions
npm warn deprecated svgo@1.3.2: This SVGO version is no longer supported. Upgrade to v2.x.x.
npm warn deprecated eslint@8.57.1: This version is no longer supported. Please see https://eslint.org/version-support for other options.

added 1338 packages, and audited 1339 packages in 31s

271 packages are looking for funding
  run `npm fund` for details

26 vulnerabilities (9 low, 3 moderate, 14 high)

To address issues that do not require attention, run:
  npm audit fix

To address all issues (including breaking changes), run:
  npm audit fix --force

Run `npm audit` for details.

> Task :buildFrontend

> frontend@0.1.0 build
> react-scripts build

Creating an optimized production build...
Compiled with warnings.

[eslint]
src/pages/Dashboard.tsx
  Line 70:11:  The href attribute requires a valid value to be accessible. Provide a valid, navigable address as the href value. If you cannot provide a valid href, but still need the element to resemble a link, use a button and change it with appropriate styles. Learn more: https://github.com/jsx-eslint/eslint-plugin-jsx-a11y/blob/HEAD/docs/rules/anchor-is-valid.md  jsx-a11y/anchor-is-valid
  Line 75:13:  The href attribute requires a valid value to be accessible. Provide a valid, navigable address as the href value. If you cannot provide a valid href, but still need the element to resemble a link, use a button and change it with appropriate styles. Learn more: https://github.com/jsx-eslint/eslint-plugin-jsx-a11y/blob/HEAD/docs/rules/anchor-is-valid.md  jsx-a11y/anchor-is-valid
  Line 81:13:  The href attribute requires a valid value to be accessible. Provide a valid, navigable address as the href value. If you cannot provide a valid href, but still need the element to resemble a link, use a button and change it with appropriate styles. Learn more: https://github.com/jsx-eslint/eslint-plugin-jsx-a11y/blob/HEAD/docs/rules/anchor-is-valid.md  jsx-a11y/anchor-is-valid

Search for the keywords to learn more about each warning.
To ignore, add // eslint-disable-next-line to the line before.

File sizes after gzip:

  112.8 kB  build/static/js/main.5bc86773.js
  3.95 kB   build/static/css/main.b8a386c2.css
  1.76 kB   build/static/js/453.825386d9.chunk.js

The project was built assuming it is hosted at /.
You can control this with the homepage field in your package.json.

The build folder is ready to be deployed.
You may serve it with a static server:

  npm install -g serve
  serve -s build

Find out more about deployment here:

  https://cra.link/deployment


> Task :copyFrontend
> Task :processResources
> Task :classes
> Task :resolveMainClassName

> Task :bootRun

  .   ____          _            __ _ _
 /\\ / ___'_ __ _ _(_)_ __  __ _ \ \ \ \
( ( )\___ | '_ | '_| | '_ \/ _` | \ \ \ \
 \\/  ___)| |_)| | | | | || (_| |  ) ) ) )
  '  |____| .__|_| |_|_| |_\__, | / / / /
 =========|_|==============|___/=/_/_/_/

 :: Spring Boot ::                (v3.3.1)

2026-03-13T14:57:02.135Z  INFO 3202 --- [           main] [                                                 ] com.bankengine.PlexusApplication         : Starting PlexusApplication using Java 21.0.10 with PID 3202 (/app/build/classes/java/main started by jules in /app)
2026-03-13T14:57:02.138Z DEBUG 3202 --- [           main] [                                                 ] com.bankengine.PlexusApplication         : Running with Spring Boot v3.3.1, Spring v6.1.10
2026-03-13T14:57:02.139Z  INFO 3202 --- [           main] [                                                 ] com.bankengine.PlexusApplication         : The following 1 profile is active: "dev"
2026-03-13T14:57:03.209Z  INFO 3202 --- [           main] [                                                 ] .s.d.r.c.RepositoryConfigurationDelegate : Bootstrapping Spring Data JPA repositories in DEFAULT mode.
2026-03-13T14:57:03.339Z  INFO 3202 --- [           main] [                                                 ] .s.d.r.c.RepositoryConfigurationDelegate : Finished Spring Data repository scanning in 121 ms. Found 15 JPA repository interfaces.
2026-03-13T14:57:05.035Z  INFO 3202 --- [           main] [                                                 ] o.s.b.w.embedded.tomcat.TomcatWebServer  : Tomcat initialized with port 8080 (http)
2026-03-13T14:57:05.050Z  INFO 3202 --- [           main] [                                                 ] o.apache.catalina.core.StandardService   : Starting service [Tomcat]
2026-03-13T14:57:05.051Z  INFO 3202 --- [           main] [                                                 ] o.apache.catalina.core.StandardEngine    : Starting Servlet engine: [Apache Tomcat/10.1.25]
2026-03-13T14:57:05.123Z  INFO 3202 --- [           main] [                                                 ] o.a.c.c.C.[Tomcat].[localhost].[/]       : Initializing Spring embedded WebApplicationContext
2026-03-13T14:57:05.125Z  INFO 3202 --- [           main] [                                                 ] w.s.c.ServletWebServerApplicationContext : Root WebApplicationContext: initialization completed in 2935 ms
2026-03-13T14:57:05.603Z  INFO 3202 --- [           main] [                                                 ] com.zaxxer.hikari.HikariDataSource       : HikariPool-1 - Starting...
2026-03-13T14:57:05.804Z  INFO 3202 --- [           main] [                                                 ] com.zaxxer.hikari.pool.HikariPool        : HikariPool-1 - Added connection conn0: url=jdbc:h2:mem:plexusdb user=SA
2026-03-13T14:57:05.805Z  INFO 3202 --- [           main] [                                                 ] com.zaxxer.hikari.HikariDataSource       : HikariPool-1 - Start completed.
2026-03-13T14:57:05.819Z  INFO 3202 --- [           main] [                                                 ] o.s.b.a.h2.H2ConsoleAutoConfiguration    : H2 console available at '/h2-console'. Database available at 'jdbc:h2:mem:plexusdb'
2026-03-13T14:57:06.005Z DEBUG 3202 --- [           main] [                                                 ] c.b.auth.security.TenantContextFilter    : Filter 'tenantContextFilter' configured for use
2026-03-13T14:57:06.168Z  INFO 3202 --- [           main] [                                                 ] o.hibernate.jpa.internal.util.LogHelper  : HHH000204: Processing PersistenceUnitInfo [name: default]
2026-03-13T14:57:06.227Z  INFO 3202 --- [           main] [                                                 ] org.hibernate.Version                    : HHH000412: Hibernate ORM core version 6.5.2.Final
2026-03-13T14:57:06.263Z  INFO 3202 --- [           main] [                                                 ] o.h.c.internal.RegionFactoryInitiator    : HHH000026: Second-level cache disabled
2026-03-13T14:57:06.624Z  INFO 3202 --- [           main] [                                                 ] o.s.o.j.p.SpringPersistenceUnitInfo      : No LoadTimeWeaver setup: ignoring JPA class transformer
2026-03-13T14:57:06.675Z  WARN 3202 --- [           main] [                                                 ] org.hibernate.orm.deprecation            : HHH90000025: H2Dialect does not need to be specified explicitly using 'hibernate.dialect' (remove the property setting and it will be selected by default)
2026-03-13T14:57:08.469Z  INFO 3202 --- [           main] [                                                 ] o.h.e.t.j.p.i.JtaPlatformInitiator       : HHH000489: No JTA platform available (set 'hibernate.transaction.jta.platform' to enable JTA platform integration)
Hibernate: drop table if exists bank_category_conflicts cascade
Hibernate: drop table if exists bank_configuration cascade
Hibernate: drop table if exists bundle_pricing_link cascade
Hibernate: drop table if exists bundle_product_link cascade
Hibernate: drop table if exists feature_component cascade
Hibernate: drop table if exists price_value cascade
Hibernate: drop table if exists pricing_component cascade
Hibernate: drop table if exists pricing_input_metadata cascade
Hibernate: drop table if exists pricing_tier cascade
Hibernate: drop table if exists product cascade
Hibernate: drop table if exists product_bundle cascade
Hibernate: drop table if exists product_feature_link cascade
Hibernate: drop table if exists product_pricing_link cascade
Hibernate: drop table if exists product_type cascade
Hibernate: drop table if exists role cascade
Hibernate: drop table if exists role_authority cascade
Hibernate: drop table if exists tier_condition cascade
Hibernate: create table bank_category_conflicts (config_id bigint not null, categorya varchar(255), categoryb varchar(255))
Hibernate: create table bank_configuration (allow_multi_bundle_product boolean not null, created_at timestamp(6) not null, id bigint generated by default as identity, updated_at timestamp(6), bank_id varchar(50) not null, client_id varchar(255), created_by varchar(255), currency_code varchar(255) not null, issuer_url varchar(255) not null, updated_by varchar(255), primary key (id), constraint uk_bank_issuer_combination unique (bank_id, issuer_url), constraint uk_bank_issuer_url unique (issuer_url))
Hibernate: create table bundle_pricing_link (effective_date date, expiry_date date, fixed_value numeric(38,2), use_rules_engine boolean not null, created_at timestamp(6) not null, id bigint generated by default as identity, pricing_component_id bigint not null, product_bundle_id bigint not null, updated_at timestamp(6), bank_id varchar(50) not null, created_by varchar(255), updated_by varchar(255), fixed_value_type enum ('DISCOUNT_ABSOLUTE','DISCOUNT_PERCENTAGE','FEE_ABSOLUTE','FEE_PERCENTAGE','FREE_COUNT'), primary key (id))
Hibernate: create table bundle_product_link (is_main_account boolean not null, is_mandatory boolean not null, created_at timestamp(6) not null, id bigint generated by default as identity, product_bundle_id bigint not null, product_id bigint not null, updated_at timestamp(6), bank_id varchar(50) not null, created_by varchar(255), updated_by varchar(255), primary key (id), constraint UK_bundle_product_link_unique unique (product_bundle_id, product_id))
Hibernate: create table feature_component (activation_date date, expiry_date date, version integer not null, created_at timestamp(6) not null, id bigint generated by default as identity, updated_at timestamp(6), bank_id varchar(50) not null, code varchar(100) not null, created_by varchar(255), name varchar(255) not null, updated_by varchar(255), data_type enum ('BOOLEAN','DATE','DECIMAL','INTEGER','STRING'), status enum ('ACTIVE','ARCHIVED','DRAFT','INACTIVE') not null, primary key (id), unique (bank_id, code, version))
Hibernate: create table price_value (raw_value numeric(38,2) not null, created_at timestamp(6) not null, id bigint generated by default as identity, pricing_tier_id bigint not null, updated_at timestamp(6), bank_id varchar(50) not null, created_by varchar(255), updated_by varchar(255), value_type enum ('DISCOUNT_ABSOLUTE','DISCOUNT_PERCENTAGE','FEE_ABSOLUTE','FEE_PERCENTAGE','FREE_COUNT'), primary key (id))
Hibernate: create table pricing_component (activation_date date, expiry_date date, pro_rata_applicable boolean not null, version integer not null, created_at timestamp(6) not null, id bigint generated by default as identity, updated_at timestamp(6), bank_id varchar(50) not null, code varchar(100) not null, created_by varchar(255), description varchar(255), name varchar(255) not null, updated_by varchar(255), status enum ('ACTIVE','ARCHIVED','DRAFT','INACTIVE') not null, type enum ('BENEFIT','DISCOUNT','FEE','INTEREST_RATE','PACKAGE_FEE','TAX','WAIVER'), primary key (id), unique (bank_id, code, version))
Hibernate: create table pricing_input_metadata (created_at timestamp(6) not null, id bigint generated by default as identity, updated_at timestamp(6), bank_id varchar(50) not null, attribute_key varchar(255) not null, created_by varchar(255), data_type varchar(255) not null, display_name varchar(255), updated_by varchar(255), primary key (id), unique (bank_id, attribute_key))
Hibernate: create table pricing_tier (apply_charge_on_full_breach boolean not null, max_threshold numeric(38,2), min_threshold numeric(38,2), priority integer not null, created_at timestamp(6) not null, id bigint generated by default as identity, pricing_component_id bigint not null, updated_at timestamp(6), bank_id varchar(50) not null, code varchar(100) not null, created_by varchar(255), name varchar(255) not null, updated_by varchar(255), primary key (id))
Hibernate: create table product (activation_date date, display_order integer, expiry_date date, is_featured boolean, version integer not null, created_at timestamp(6) not null, id bigint generated by default as identity, product_type_id bigint not null, updated_at timestamp(6), bank_id varchar(50) not null, code varchar(100) not null, tagline varchar(100), icon_url varchar(500), full_description varchar(2000), category varchar(255) not null, created_by varchar(255), name varchar(255) not null, target_customer_segments varchar(255), terms_and_conditions TEXT, updated_by varchar(255), status enum ('ACTIVE','ARCHIVED','DRAFT','INACTIVE') not null, primary key (id), unique (bank_id, code, version))
Hibernate: create table product_bundle (activation_date date, expiry_date date, version integer not null, created_at timestamp(6) not null, id bigint generated by default as identity, updated_at timestamp(6), bank_id varchar(50) not null, code varchar(100) not null, description varchar(500), created_by varchar(255), name varchar(255) not null, target_customer_segments varchar(255) not null, updated_by varchar(255), status enum ('ACTIVE','ARCHIVED','DRAFT','INACTIVE') not null, primary key (id), unique (bank_id, code, version))
Hibernate: create table product_feature_link (created_at timestamp(6) not null, feature_component_id bigint not null, id bigint generated by default as identity, product_id bigint not null, updated_at timestamp(6), bank_id varchar(50) not null, feature_value varchar(1000) not null, created_by varchar(255), updated_by varchar(255), primary key (id), constraint UK_product_feature_link unique (product_id, feature_component_id))
Hibernate: create table product_pricing_link (effective_date date, expiry_date date, fixed_value numeric(38,2), use_rules_engine boolean not null, created_at timestamp(6) not null, id bigint generated by default as identity, pricing_component_id bigint not null, product_id bigint not null, updated_at timestamp(6), bank_id varchar(50) not null, created_by varchar(255), target_component_code varchar(255), updated_by varchar(255), fixed_value_type enum ('DISCOUNT_ABSOLUTE','DISCOUNT_PERCENTAGE','FEE_ABSOLUTE','FEE_PERCENTAGE','FREE_COUNT'), primary key (id))
Hibernate: create table product_type (created_at timestamp(6) not null, id bigint generated by default as identity, updated_at timestamp(6), bank_id varchar(50) not null, code varchar(100) not null, created_by varchar(255), name varchar(255) not null, updated_by varchar(255), status varchar(20) default 'DRAFT' not null, primary key (id), unique (bank_id, code))
Hibernate: create table role (created_at timestamp(6) not null, id bigint generated by default as identity, updated_at timestamp(6), bank_id varchar(50) not null, name varchar(50) not null, created_by varchar(255), updated_by varchar(255), primary key (id), unique (bank_id, name))
Hibernate: create table role_authority (role_id bigint not null, authority_name varchar(100) not null, primary key (role_id, authority_name))
Hibernate: create table tier_condition (created_at timestamp(6) not null, id bigint generated by default as identity, pricing_tier_id bigint not null, updated_at timestamp(6), bank_id varchar(50) not null, attribute_name varchar(255) not null, attribute_value varchar(255) not null, created_by varchar(255), updated_by varchar(255), connector enum ('AND','OR'), operator enum ('EQ','GE','GT','IN','LE','LT','NE') not null, primary key (id))
Hibernate: create index idx_pricing_tier_code on pricing_tier (code)
Hibernate: alter table if exists bank_category_conflicts add constraint FKr0vrtot93e79suavixq45d7lh foreign key (config_id) references bank_configuration
Hibernate: alter table if exists bundle_pricing_link add constraint FK7xek441d2oiaw0qry67re3cyh foreign key (pricing_component_id) references pricing_component
Hibernate: alter table if exists bundle_pricing_link add constraint FKb6uvgka986o2w6tr4tqj26qcm foreign key (product_bundle_id) references product_bundle
Hibernate: alter table if exists bundle_product_link add constraint FKoaef6c64w9i5ks8w6bnf4jhuy foreign key (product_id) references product
Hibernate: alter table if exists bundle_product_link add constraint FKb3qfh82701omsauktkjj8qjow foreign key (product_bundle_id) references product_bundle
Hibernate: alter table if exists price_value add constraint FKqw5h759fdsasyg6uw07fsfl3p foreign key (pricing_tier_id) references pricing_tier
Hibernate: alter table if exists pricing_tier add constraint FKew0ymctj353jmtgqi12pqyy12 foreign key (pricing_component_id) references pricing_component
Hibernate: alter table if exists product add constraint FKlabq3c2e90ybbxk58rc48byqo foreign key (product_type_id) references product_type
Hibernate: alter table if exists product_feature_link add constraint FKijhxky9yjt15afkrnxknw06q5 foreign key (feature_component_id) references feature_component
Hibernate: alter table if exists product_feature_link add constraint FKoprgvgys5k9qo9gfbo861c5ou foreign key (product_id) references product
Hibernate: alter table if exists product_pricing_link add constraint FKm4wkb51iswgwhgu20bwtbew7x foreign key (pricing_component_id) references pricing_component
Hibernate: alter table if exists product_pricing_link add constraint FKbcr1wkacs2jh6j5oismthncsk foreign key (product_id) references product
Hibernate: alter table if exists role_authority add constraint FK2052966dco7y9f97s1a824bj1 foreign key (role_id) references role
Hibernate: alter table if exists tier_condition add constraint FKrr97dtiopm88a00d0it7k5v9r foreign key (pricing_tier_id) references pricing_tier
2026-03-13T14:57:08.592Z  INFO 3202 --- [           main] [                                                 ] j.LocalContainerEntityManagerFactoryBean : Initialized JPA EntityManagerFactory for persistence unit 'default'
2026-03-13T14:57:09.462Z  INFO 3202 --- [           main] [                                                 ] o.s.d.j.r.query.QueryEnhancerFactory     : Hibernate is in classpath; If applicable, HQL parser will be used.
2026-03-13T14:57:09.612Z  INFO 3202 --- [           main] [                                                 ] c.b.a.s.TenantSecurityInitializer        : Initializing TenantContextHolder with System Bank ID: SYSTEM
2026-03-13T14:57:11.125Z DEBUG 3202 --- [           main] [                                                 ] c.b.common.aspect.TenantFilterAspect     : >>>> [ASPECT-START] Intercepting repository call. SystemMode: true, Current BankId: null
2026-03-13T14:57:11.126Z  INFO 3202 --- [           main] [                                                 ] c.b.common.aspect.TenantFilterAspect     : >>>> [ASPECT-BYPASS] System Mode detected. Disabling Hibernate Filter: bankTenantFilter
Hibernate: select distinct pc1_0.id,pc1_0.activation_date,pc1_0.bank_id,pc1_0.code,pc1_0.created_at,pc1_0.created_by,pc1_0.description,pc1_0.expiry_date,pc1_0.name,pt1_0.pricing_component_id,pt1_0.id,pt1_0.apply_charge_on_full_breach,pt1_0.bank_id,pt1_0.code,c1_0.pricing_tier_id,c1_0.id,c1_0.attribute_name,c1_0.attribute_value,c1_0.bank_id,c1_0.connector,c1_0.created_at,c1_0.created_by,c1_0.operator,c1_0.updated_at,c1_0.updated_by,pt1_0.created_at,pt1_0.created_by,pt1_0.max_threshold,pt1_0.min_threshold,pt1_0.name,pv1_0.pricing_tier_id,pv1_0.id,pv1_0.bank_id,pv1_0.created_at,pv1_0.created_by,pv1_0.raw_value,pv1_0.updated_at,pv1_0.updated_by,pv1_0.value_type,pt1_0.priority,pt1_0.updated_at,pt1_0.updated_by,pc1_0.pro_rata_applicable,pc1_0.status,pc1_0.type,pc1_0.updated_at,pc1_0.updated_by,pc1_0.version from pricing_component pc1_0 left join pricing_tier pt1_0 on pc1_0.id=pt1_0.pricing_component_id left join tier_condition c1_0 on pt1_0.id=c1_0.pricing_tier_id left join price_value pv1_0 on pt1_0.id=pv1_0.pricing_tier_id
2026-03-13T14:57:11.285Z  INFO 3202 --- [           main] [                                                 ] c.b.p.s.AbstractRuleBuilderService       : ========================================================
2026-03-13T14:57:11.286Z  INFO 3202 --- [           main] [                                                 ] c.b.p.s.AbstractRuleBuilderService       : GENERATED DRL FOR PACKAGE: pricing
2026-03-13T14:57:11.286Z  INFO 3202 --- [           main] [                                                 ] c.b.p.s.AbstractRuleBuilderService       : ========================================================
2026-03-13T14:57:11.286Z  INFO 3202 --- [           main] [                                                 ] c.b.p.s.AbstractRuleBuilderService       : package bankengine.pricing.rules.system;

import com.bankengine.rules.model.PricingInput;
import com.bankengine.pricing.model.PriceValue;
import java.math.BigDecimal;
import java.time.LocalDate;

global org.slf4j.Logger log;

rule "Placeholder_pricing"
    when
        $input : PricingInput ( )
    then
        // No rules defined for this tenant
end

2026-03-13T14:57:11.286Z  INFO 3202 --- [           main] [                                                 ] c.b.p.s.AbstractRuleBuilderService       : ========================================================
2026-03-13T14:57:11.291Z DEBUG 3202 --- [           main] [                                                 ] c.b.common.aspect.TenantFilterAspect     : >>>> [ASPECT-START] Intercepting repository call. SystemMode: true, Current BankId: null
2026-03-13T14:57:11.291Z  INFO 3202 --- [           main] [                                                 ] c.b.common.aspect.TenantFilterAspect     : >>>> [ASPECT-BYPASS] System Mode detected. Disabling Hibernate Filter: bankTenantFilter
Hibernate: select distinct pc1_0.id,pc1_0.activation_date,pc1_0.bank_id,pc1_0.code,pc1_0.created_at,pc1_0.created_by,pc1_0.description,pc1_0.expiry_date,pc1_0.name,pc1_0.pro_rata_applicable,pc1_0.status,pc1_0.type,pc1_0.updated_at,pc1_0.updated_by,pc1_0.version from pricing_component pc1_0 where pc1_0.type in (?,?)
2026-03-13T14:57:11.308Z  INFO 3202 --- [           main] [                                                 ] c.b.p.s.AbstractRuleBuilderService       : ========================================================
2026-03-13T14:57:11.308Z  INFO 3202 --- [           main] [                                                 ] c.b.p.s.AbstractRuleBuilderService       : GENERATED DRL FOR PACKAGE: bundle
2026-03-13T14:57:11.308Z  INFO 3202 --- [           main] [                                                 ] c.b.p.s.AbstractRuleBuilderService       : ========================================================
2026-03-13T14:57:11.308Z  INFO 3202 --- [           main] [                                                 ] c.b.p.s.AbstractRuleBuilderService       : package bankengine.bundle.rules.system;

import com.bankengine.rules.model.BundlePricingInput;
import com.bankengine.pricing.model.PriceValue;
import java.math.BigDecimal;
import java.time.LocalDate;

global org.slf4j.Logger log;

rule "Placeholder_bundle"
    when
        $input : BundlePricingInput ( )
    then
        // No rules defined for this tenant
end

2026-03-13T14:57:11.308Z  INFO 3202 --- [           main] [                                                 ] c.b.p.s.AbstractRuleBuilderService       : ========================================================
2026-03-13T14:57:11.550Z  WARN 3202 --- [           main] [                                                 ] o.k.m.i.embedder.MavenSettings           : Environment variable M2_HOME is not set
2026-03-13T14:57:14.556Z  WARN 3202 --- [           main] [                                                 ] JpaBaseConfiguration$JpaWebConfiguration : spring.jpa.open-in-view is enabled by default. Therefore, database queries may be performed during view rendering. Explicitly configure spring.jpa.open-in-view to disable this warning
2026-03-13T14:57:14.630Z DEBUG 3202 --- [           main] [                                                 ] swordEncoderAuthenticationManagerBuilder : No authenticationProviders and no parentAuthenticationManager defined. Returning null.
2026-03-13T14:57:14.773Z  INFO 3202 --- [           main] [                                                 ] o.s.b.a.w.s.WelcomePageHandlerMapping    : Adding welcome page: class path resource [static/index.html]
2026-03-13T14:57:15.668Z  INFO 3202 --- [           main] [                                                 ] o.s.b.a.e.web.EndpointLinksResolver      : Exposing 3 endpoints beneath base path '/actuator'
2026-03-13T14:57:15.930Z DEBUG 3202 --- [           main] [                                                 ] o.s.s.web.DefaultSecurityFilterChain     : Will secure any request with filters: DisableEncodeUrlFilter, WebAsyncManagerIntegrationFilter, SecurityContextHolderFilter, HeaderWriterFilter, CorsFilter, LogoutFilter, BearerTokenAuthenticationFilter, TenantContextFilter, RequestCacheAwareFilter, SecurityContextHolderAwareRequestFilter, AnonymousAuthenticationFilter, SessionManagementFilter, ExceptionTranslationFilter, AuthorizationFilter
2026-03-13T14:57:17.238Z  INFO 3202 --- [           main] [                                                 ] o.s.b.w.embedded.tomcat.TomcatWebServer  : Tomcat started on port 8080 (http) with context path '/'
2026-03-13T14:57:17.258Z  INFO 3202 --- [           main] [                                                 ] com.bankengine.PlexusApplication         : Started PlexusApplication in 15.571 seconds (process running for 15.994)
--- Seeding System Admin: SYSTEM with ISSUER: https://login.microsoftonline.com/5dafae79-1a4c-4aac-b6f4-842a5ba73a33/v2.0 ---
2026-03-13T14:57:17.407Z DEBUG 3202 --- [           main] [                                                 ] c.b.common.aspect.TenantFilterAspect     : >>>> [ASPECT-START] Intercepting repository call. SystemMode: true, Current BankId: null
2026-03-13T14:57:17.407Z  INFO 3202 --- [           main] [                                                 ] c.b.common.aspect.TenantFilterAspect     : >>>> [ASPECT-BYPASS] System Mode detected. Disabling Hibernate Filter: bankTenantFilter
Hibernate: SELECT * FROM bank_configuration WHERE bank_id = ?
2026-03-13T14:57:17.461Z DEBUG 3202 --- [           main] [                                                 ] c.b.common.aspect.TenantFilterAspect     : >>>> [ASPECT-START] Intercepting repository call. SystemMode: true, Current BankId: null
2026-03-13T14:57:17.462Z  INFO 3202 --- [           main] [                                                 ] c.b.common.aspect.TenantFilterAspect     : >>>> [ASPECT-BYPASS] System Mode detected. Disabling Hibernate Filter: bankTenantFilter
Hibernate: insert into bank_configuration (allow_multi_bundle_product,bank_id,client_id,created_at,created_by,currency_code,issuer_url,updated_at,updated_by,id) values (?,?,?,?,?,?,?,?,?,default)
Created root bank: SYSTEM
2026-03-13T14:57:17.537Z DEBUG 3202 --- [           main] [                                                 ] c.b.common.aspect.TenantFilterAspect     : >>>> [ASPECT-START] Intercepting repository call. SystemMode: true, Current BankId: null
2026-03-13T14:57:17.537Z  INFO 3202 --- [           main] [                                                 ] c.b.common.aspect.TenantFilterAspect     : >>>> [ASPECT-BYPASS] System Mode detected. Disabling Hibernate Filter: bankTenantFilter
Hibernate: select r1_0.id,r1_0.bank_id,r1_0.created_at,r1_0.created_by,r1_0.name,r1_0.updated_at,r1_0.updated_by from role r1_0 where r1_0.name=? and r1_0.bank_id=?
2026-03-13T14:57:17.567Z DEBUG 3202 --- [           main] [                                                 ] c.b.common.aspect.TenantFilterAspect     : >>>> [ASPECT-START] Intercepting repository call. SystemMode: true, Current BankId: null
2026-03-13T14:57:17.567Z  INFO 3202 --- [           main] [                                                 ] c.b.common.aspect.TenantFilterAspect     : >>>> [ASPECT-BYPASS] System Mode detected. Disabling Hibernate Filter: bankTenantFilter
Hibernate: insert into role (bank_id,created_at,created_by,name,updated_at,updated_by,id) values (?,?,?,?,?,?,default)
Seeded SYSTEM_ADMIN for SYSTEM
Hibernate: insert into role_authority (role_id,authority_name) values (?,?)
Hibernate: insert into role_authority (role_id,authority_name) values (?,?)
Hibernate: insert into role_authority (role_id,authority_name) values (?,?)
Hibernate: insert into role_authority (role_id,authority_name) values (?,?)
--- Seeding Comprehensive Development Data ---

--- Seeding Tenant: GLOBAL-BANK-001 ---
2026-03-13T14:57:17.590Z DEBUG 3202 --- [           main] [                                                 ] c.b.common.aspect.TenantFilterAspect     : >>>> [ASPECT-START] Intercepting repository call. SystemMode: true, Current BankId: GLOBAL-BANK-001
2026-03-13T14:57:17.590Z  INFO 3202 --- [           main] [                                                 ] c.b.common.aspect.TenantFilterAspect     : >>>> [ASPECT-BYPASS] System Mode detected. Disabling Hibernate Filter: bankTenantFilter
Hibernate: SELECT * FROM bank_configuration WHERE bank_id = ?
2026-03-13T14:57:17.593Z DEBUG 3202 --- [           main] [                                                 ] c.b.common.aspect.TenantFilterAspect     : >>>> [ASPECT-START] Intercepting repository call. SystemMode: true, Current BankId: GLOBAL-BANK-001
2026-03-13T14:57:17.593Z  INFO 3202 --- [           main] [                                                 ] c.b.common.aspect.TenantFilterAspect     : >>>> [ASPECT-BYPASS] System Mode detected. Disabling Hibernate Filter: bankTenantFilter
Hibernate: insert into bank_configuration (allow_multi_bundle_product,bank_id,client_id,created_at,created_by,currency_code,issuer_url,updated_at,updated_by,id) values (?,?,?,?,?,?,?,?,?,default)
Seeded Bank Configuration for GLOBAL-BANK-001 with Issuer: https://dev-identity.bankengine.com/GLOBAL-BANK-001
2026-03-13T14:57:17.622Z DEBUG 3202 --- [           main] [                                                 ] c.b.common.aspect.TenantFilterAspect     : >>>> [ASPECT-START] Intercepting repository call. SystemMode: true, Current BankId: GLOBAL-BANK-001
2026-03-13T14:57:17.622Z  INFO 3202 --- [           main] [                                                 ] c.b.common.aspect.TenantFilterAspect     : >>>> [ASPECT-BYPASS] System Mode detected. Disabling Hibernate Filter: bankTenantFilter
Hibernate: select r1_0.id,r1_0.bank_id,r1_0.created_at,r1_0.created_by,r1_0.name,r1_0.updated_at,r1_0.updated_by from role r1_0 where r1_0.name=?
2026-03-13T14:57:17.626Z DEBUG 3202 --- [           main] [                                                 ] c.b.common.aspect.TenantFilterAspect     : >>>> [ASPECT-START] Intercepting repository call. SystemMode: true, Current BankId: GLOBAL-BANK-001
2026-03-13T14:57:17.627Z  INFO 3202 --- [           main] [                                                 ] c.b.common.aspect.TenantFilterAspect     : >>>> [ASPECT-BYPASS] System Mode detected. Disabling Hibernate Filter: bankTenantFilter
Hibernate: insert into role (bank_id,created_at,created_by,name,updated_at,updated_by,id) values (?,?,?,?,?,?,default)
Seeded new BANK_ADMIN for GLOBAL-BANK-001 with 42 permissions.
2026-03-13T14:57:17.630Z DEBUG 3202 --- [           main] [                                                 ] c.b.common.aspect.TenantFilterAspect     : >>>> [ASPECT-START] Intercepting repository call. SystemMode: true, Current BankId: GLOBAL-BANK-001
2026-03-13T14:57:17.630Z  INFO 3202 --- [           main] [                                                 ] c.b.common.aspect.TenantFilterAspect     : >>>> [ASPECT-BYPASS] System Mode detected. Disabling Hibernate Filter: bankTenantFilter
Hibernate: select count(*) from pricing_input_metadata pim1_0
Seeding Core Pricing Input Metadata for bank: GLOBAL-BANK-001
2026-03-13T14:57:17.655Z DEBUG 3202 --- [           main] [                                                 ] c.b.common.aspect.TenantFilterAspect     : >>>> [ASPECT-START] Intercepting repository call. SystemMode: true, Current BankId: GLOBAL-BANK-001
2026-03-13T14:57:17.656Z  INFO 3202 --- [           main] [                                                 ] c.b.common.aspect.TenantFilterAspect     : >>>> [ASPECT-BYPASS] System Mode detected. Disabling Hibernate Filter: bankTenantFilter
Hibernate: insert into pricing_input_metadata (attribute_key,bank_id,created_at,created_by,data_type,display_name,updated_at,updated_by,id) values (?,?,?,?,?,?,?,?,default)
Hibernate: insert into pricing_input_metadata (attribute_key,bank_id,created_at,created_by,data_type,display_name,updated_at,updated_by,id) values (?,?,?,?,?,?,?,?,default)
Hibernate: insert into pricing_input_metadata (attribute_key,bank_id,created_at,created_by,data_type,display_name,updated_at,updated_by,id) values (?,?,?,?,?,?,?,?,default)
Hibernate: insert into pricing_input_metadata (attribute_key,bank_id,created_at,created_by,data_type,display_name,updated_at,updated_by,id) values (?,?,?,?,?,?,?,?,default)
2026-03-13T14:57:17.670Z DEBUG 3202 --- [           main] [                                                 ] c.b.common.aspect.TenantFilterAspect     : >>>> [ASPECT-START] Intercepting repository call. SystemMode: true, Current BankId: GLOBAL-BANK-001
2026-03-13T14:57:17.670Z  INFO 3202 --- [           main] [                                                 ] c.b.common.aspect.TenantFilterAspect     : >>>> [ASPECT-BYPASS] System Mode detected. Disabling Hibernate Filter: bankTenantFilter
Hibernate: select pt1_0.id,pt1_0.bank_id,pt1_0.code,pt1_0.created_at,pt1_0.created_by,pt1_0.name,pt1_0.status,pt1_0.updated_at,pt1_0.updated_by from product_type pt1_0 where pt1_0.bank_id=? and pt1_0.code=?
2026-03-13T14:57:17.675Z DEBUG 3202 --- [           main] [                                                 ] c.b.common.aspect.TenantFilterAspect     : >>>> [ASPECT-START] Intercepting repository call. SystemMode: true, Current BankId: GLOBAL-BANK-001
2026-03-13T14:57:17.675Z  INFO 3202 --- [           main] [                                                 ] c.b.common.aspect.TenantFilterAspect     : >>>> [ASPECT-BYPASS] System Mode detected. Disabling Hibernate Filter: bankTenantFilter
Hibernate: insert into product_type (bank_id,code,created_at,created_by,name,status,updated_at,updated_by,id) values (?,?,?,?,?,?,?,?,default)
Seeded Product Types for GLOBAL-BANK-001
2026-03-13T14:57:17.681Z DEBUG 3202 --- [           main] [                                                 ] c.b.common.aspect.TenantFilterAspect     : >>>> [ASPECT-START] Intercepting repository call. SystemMode: true, Current BankId: GLOBAL-BANK-001
2026-03-13T14:57:17.681Z  INFO 3202 --- [           main] [                                                 ] c.b.common.aspect.TenantFilterAspect     : >>>> [ASPECT-BYPASS] System Mode detected. Disabling Hibernate Filter: bankTenantFilter
Hibernate: select pt1_0.id,pt1_0.bank_id,pt1_0.code,pt1_0.created_at,pt1_0.created_by,pt1_0.name,pt1_0.status,pt1_0.updated_at,pt1_0.updated_by from product_type pt1_0 where pt1_0.bank_id=? and pt1_0.code=?
2026-03-13T14:57:17.686Z DEBUG 3202 --- [           main] [                                                 ] c.b.common.aspect.TenantFilterAspect     : >>>> [ASPECT-START] Intercepting repository call. SystemMode: true, Current BankId: GLOBAL-BANK-001
2026-03-13T14:57:17.686Z  INFO 3202 --- [           main] [                                                 ] c.b.common.aspect.TenantFilterAspect     : >>>> [ASPECT-BYPASS] System Mode detected. Disabling Hibernate Filter: bankTenantFilter
Hibernate: select fc1_0.id,fc1_0.activation_date,fc1_0.bank_id,fc1_0.code,fc1_0.created_at,fc1_0.created_by,fc1_0.data_type,fc1_0.expiry_date,fc1_0.name,fc1_0.status,fc1_0.updated_at,fc1_0.updated_by,fc1_0.version from feature_component fc1_0 where fc1_0.bank_id=? and fc1_0.code=? and fc1_0.version=?
2026-03-13T14:57:17.693Z DEBUG 3202 --- [           main] [                                                 ] c.b.common.aspect.TenantFilterAspect     : >>>> [ASPECT-START] Intercepting repository call. SystemMode: true, Current BankId: GLOBAL-BANK-001
2026-03-13T14:57:17.693Z  INFO 3202 --- [           main] [                                                 ] c.b.common.aspect.TenantFilterAspect     : >>>> [ASPECT-BYPASS] System Mode detected. Disabling Hibernate Filter: bankTenantFilter
Hibernate: insert into feature_component (activation_date,bank_id,code,created_at,created_by,data_type,expiry_date,name,status,updated_at,updated_by,version,id) values (?,?,?,?,?,?,?,?,?,?,?,?,default)
2026-03-13T14:57:17.723Z DEBUG 3202 --- [           main] [                                                 ] c.b.common.aspect.TenantFilterAspect     : >>>> [ASPECT-START] Intercepting repository call. SystemMode: true, Current BankId: GLOBAL-BANK-001
2026-03-13T14:57:17.724Z  INFO 3202 --- [           main] [                                                 ] c.b.common.aspect.TenantFilterAspect     : >>>> [ASPECT-BYPASS] System Mode detected. Disabling Hibernate Filter: bankTenantFilter
Hibernate: insert into product (activation_date,bank_id,category,code,created_at,created_by,display_order,expiry_date,is_featured,full_description,icon_url,name,product_type_id,status,tagline,target_customer_segments,terms_and_conditions,updated_at,updated_by,version,id) values (?,?,?,?,?,?,?,?,?,?,?,?,?,?,?,?,?,?,?,?,default)
Hibernate: insert into product (activation_date,bank_id,category,code,created_at,created_by,display_order,expiry_date,is_featured,full_description,icon_url,name,product_type_id,status,tagline,target_customer_segments,terms_and_conditions,updated_at,updated_by,version,id) values (?,?,?,?,?,?,?,?,?,?,?,?,?,?,?,?,?,?,?,?,default)
2026-03-13T14:57:17.740Z DEBUG 3202 --- [           main] [                                                 ] c.b.common.aspect.TenantFilterAspect     : >>>> [ASPECT-START] Intercepting repository call. SystemMode: true, Current BankId: GLOBAL-BANK-001
2026-03-13T14:57:17.740Z  INFO 3202 --- [           main] [                                                 ] c.b.common.aspect.TenantFilterAspect     : >>>> [ASPECT-BYPASS] System Mode detected. Disabling Hibernate Filter: bankTenantFilter
Hibernate: insert into product_feature_link (bank_id,created_at,created_by,feature_component_id,feature_value,product_id,updated_at,updated_by,id) values (?,?,?,?,?,?,?,?,default)
2026-03-13T14:57:17.747Z DEBUG 3202 --- [           main] [                                                 ] c.b.common.aspect.TenantFilterAspect     : >>>> [ASPECT-START] Intercepting repository call. SystemMode: true, Current BankId: GLOBAL-BANK-001
2026-03-13T14:57:17.747Z  INFO 3202 --- [           main] [                                                 ] c.b.common.aspect.TenantFilterAspect     : >>>> [ASPECT-BYPASS] System Mode detected. Disabling Hibernate Filter: bankTenantFilter
Hibernate: select pc1_0.id,pc1_0.activation_date,pc1_0.bank_id,pc1_0.code,pc1_0.created_at,pc1_0.created_by,pc1_0.description,pc1_0.expiry_date,pc1_0.name,pc1_0.pro_rata_applicable,pc1_0.status,pc1_0.type,pc1_0.updated_at,pc1_0.updated_by,pc1_0.version from pricing_component pc1_0 where pc1_0.bank_id=? and pc1_0.code=? and pc1_0.version=?
2026-03-13T14:57:17.754Z DEBUG 3202 --- [           main] [                                                 ] c.b.common.aspect.TenantFilterAspect     : >>>> [ASPECT-START] Intercepting repository call. SystemMode: true, Current BankId: GLOBAL-BANK-001
2026-03-13T14:57:17.754Z  INFO 3202 --- [           main] [                                                 ] c.b.common.aspect.TenantFilterAspect     : >>>> [ASPECT-BYPASS] System Mode detected. Disabling Hibernate Filter: bankTenantFilter
Hibernate: insert into pricing_component (activation_date,bank_id,code,created_at,created_by,description,expiry_date,name,pro_rata_applicable,status,type,updated_at,updated_by,version,id) values (?,?,?,?,?,?,?,?,?,?,?,?,?,?,default)
2026-03-13T14:57:17.763Z DEBUG 3202 --- [           main] [                                                 ] c.b.common.aspect.TenantFilterAspect     : >>>> [ASPECT-START] Intercepting repository call. SystemMode: true, Current BankId: GLOBAL-BANK-001
2026-03-13T14:57:17.763Z  INFO 3202 --- [           main] [                                                 ] c.b.common.aspect.TenantFilterAspect     : >>>> [ASPECT-BYPASS] System Mode detected. Disabling Hibernate Filter: bankTenantFilter
Hibernate: insert into pricing_tier (apply_charge_on_full_breach,bank_id,code,created_at,created_by,max_threshold,min_threshold,name,pricing_component_id,priority,updated_at,updated_by,id) values (?,?,?,?,?,?,?,?,?,?,?,?,default)
2026-03-13T14:57:17.771Z DEBUG 3202 --- [           main] [                                                 ] c.b.common.aspect.TenantFilterAspect     : >>>> [ASPECT-START] Intercepting repository call. SystemMode: true, Current BankId: GLOBAL-BANK-001
2026-03-13T14:57:17.771Z  INFO 3202 --- [           main] [                                                 ] c.b.common.aspect.TenantFilterAspect     : >>>> [ASPECT-BYPASS] System Mode detected. Disabling Hibernate Filter: bankTenantFilter
Hibernate: insert into tier_condition (attribute_name,attribute_value,bank_id,connector,created_at,created_by,operator,pricing_tier_id,updated_at,updated_by,id) values (?,?,?,?,?,?,?,?,?,?,default)
2026-03-13T14:57:17.778Z DEBUG 3202 --- [           main] [                                                 ] c.b.common.aspect.TenantFilterAspect     : >>>> [ASPECT-START] Intercepting repository call. SystemMode: true, Current BankId: GLOBAL-BANK-001
2026-03-13T14:57:17.779Z  INFO 3202 --- [           main] [                                                 ] c.b.common.aspect.TenantFilterAspect     : >>>> [ASPECT-BYPASS] System Mode detected. Disabling Hibernate Filter: bankTenantFilter
Hibernate: insert into price_value (bank_id,created_at,created_by,pricing_tier_id,raw_value,updated_at,updated_by,value_type,id) values (?,?,?,?,?,?,?,?,default)
2026-03-13T14:57:17.786Z DEBUG 3202 --- [           main] [                                                 ] c.b.common.aspect.TenantFilterAspect     : >>>> [ASPECT-START] Intercepting repository call. SystemMode: true, Current BankId: GLOBAL-BANK-001
2026-03-13T14:57:17.786Z  INFO 3202 --- [           main] [                                                 ] c.b.common.aspect.TenantFilterAspect     : >>>> [ASPECT-BYPASS] System Mode detected. Disabling Hibernate Filter: bankTenantFilter
Hibernate: select p1_0.id,p1_0.activation_date,p1_0.bank_id,p1_0.category,p1_0.code,p1_0.created_at,p1_0.created_by,p1_0.display_order,p1_0.expiry_date,p1_0.is_featured,p1_0.full_description,p1_0.icon_url,p1_0.name,p1_0.product_type_id,p1_0.status,p1_0.tagline,p1_0.target_customer_segments,p1_0.terms_and_conditions,p1_0.updated_at,p1_0.updated_by,p1_0.version from product p1_0 where p1_0.bank_id=? and p1_0.code=? and p1_0.version=?
2026-03-13T14:57:17.796Z DEBUG 3202 --- [           main] [                                                 ] c.b.common.aspect.TenantFilterAspect     : >>>> [ASPECT-START] Intercepting repository call. SystemMode: true, Current BankId: GLOBAL-BANK-001
2026-03-13T14:57:17.796Z  INFO 3202 --- [           main] [                                                 ] c.b.common.aspect.TenantFilterAspect     : >>>> [ASPECT-BYPASS] System Mode detected. Disabling Hibernate Filter: bankTenantFilter
Hibernate: insert into product_pricing_link (bank_id,created_at,created_by,effective_date,expiry_date,fixed_value,fixed_value_type,pricing_component_id,product_id,target_component_code,updated_at,updated_by,use_rules_engine,id) values (?,?,?,?,?,?,?,?,?,?,?,?,?,default)
2026-03-13T14:57:17.803Z DEBUG 3202 --- [           main] [                                                 ] c.b.common.aspect.TenantFilterAspect     : >>>> [ASPECT-START] Intercepting repository call. SystemMode: true, Current BankId: GLOBAL-BANK-001
2026-03-13T14:57:17.803Z  INFO 3202 --- [           main] [                                                 ] c.b.common.aspect.TenantFilterAspect     : >>>> [ASPECT-BYPASS] System Mode detected. Disabling Hibernate Filter: bankTenantFilter
Hibernate: select p1_0.id,p1_0.activation_date,p1_0.bank_id,p1_0.category,p1_0.code,p1_0.created_at,p1_0.created_by,p1_0.display_order,p1_0.expiry_date,p1_0.is_featured,p1_0.full_description,p1_0.icon_url,p1_0.name,p1_0.product_type_id,p1_0.status,p1_0.tagline,p1_0.target_customer_segments,p1_0.terms_and_conditions,p1_0.updated_at,p1_0.updated_by,p1_0.version from product p1_0 where p1_0.bank_id=? and p1_0.code=? and p1_0.version=?
2026-03-13T14:57:17.808Z DEBUG 3202 --- [           main] [                                                 ] c.b.common.aspect.TenantFilterAspect     : >>>> [ASPECT-START] Intercepting repository call. SystemMode: true, Current BankId: GLOBAL-BANK-001
2026-03-13T14:57:17.808Z  INFO 3202 --- [           main] [                                                 ] c.b.common.aspect.TenantFilterAspect     : >>>> [ASPECT-BYPASS] System Mode detected. Disabling Hibernate Filter: bankTenantFilter
Hibernate: select p1_0.id,p1_0.activation_date,p1_0.bank_id,p1_0.category,p1_0.code,p1_0.created_at,p1_0.created_by,p1_0.display_order,p1_0.expiry_date,p1_0.is_featured,p1_0.full_description,p1_0.icon_url,p1_0.name,p1_0.product_type_id,p1_0.status,p1_0.tagline,p1_0.target_customer_segments,p1_0.terms_and_conditions,p1_0.updated_at,p1_0.updated_by,p1_0.version from product p1_0 where p1_0.bank_id=? and p1_0.code=? and p1_0.version=?
2026-03-13T14:57:17.816Z DEBUG 3202 --- [           main] [                                                 ] c.b.common.aspect.TenantFilterAspect     : >>>> [ASPECT-START] Intercepting repository call. SystemMode: true, Current BankId: GLOBAL-BANK-001
2026-03-13T14:57:17.816Z  INFO 3202 --- [           main] [                                                 ] c.b.common.aspect.TenantFilterAspect     : >>>> [ASPECT-BYPASS] System Mode detected. Disabling Hibernate Filter: bankTenantFilter
Hibernate: insert into product_bundle (activation_date,bank_id,code,created_at,created_by,description,expiry_date,name,status,target_customer_segments,updated_at,updated_by,version,id) values (?,?,?,?,?,?,?,?,?,?,?,?,?,default)
Hibernate: insert into bundle_product_link (bank_id,created_at,created_by,is_main_account,is_mandatory,product_id,product_bundle_id,updated_at,updated_by,id) values (?,?,?,?,?,?,?,?,?,default)
Hibernate: insert into bundle_product_link (bank_id,created_at,created_by,is_main_account,is_mandatory,product_id,product_bundle_id,updated_at,updated_by,id) values (?,?,?,?,?,?,?,?,?,default)
Seeded Product Bundle for GLOBAL-BANK-001
Hibernate: insert into bank_category_conflicts (config_id,categorya,categoryb) values (?,?,?)
Hibernate: insert into role_authority (role_id,authority_name) values (?,?)
Hibernate: insert into role_authority (role_id,authority_name) values (?,?)
Hibernate: insert into role_authority (role_id,authority_name) values (?,?)
Hibernate: insert into role_authority (role_id,authority_name) values (?,?)
Hibernate: insert into role_authority (role_id,authority_name) values (?,?)
Hibernate: insert into role_authority (role_id,authority_name) values (?,?)
Hibernate: insert into role_authority (role_id,authority_name) values (?,?)
Hibernate: insert into role_authority (role_id,authority_name) values (?,?)
Hibernate: insert into role_authority (role_id,authority_name) values (?,?)
Hibernate: insert into role_authority (role_id,authority_name) values (?,?)
Hibernate: insert into role_authority (role_id,authority_name) values (?,?)
Hibernate: insert into role_authority (role_id,authority_name) values (?,?)
Hibernate: insert into role_authority (role_id,authority_name) values (?,?)
Hibernate: insert into role_authority (role_id,authority_name) values (?,?)
Hibernate: insert into role_authority (role_id,authority_name) values (?,?)
Hibernate: insert into role_authority (role_id,authority_name) values (?,?)
Hibernate: insert into role_authority (role_id,authority_name) values (?,?)
Hibernate: insert into role_authority (role_id,authority_name) values (?,?)
Hibernate: insert into role_authority (role_id,authority_name) values (?,?)
Hibernate: insert into role_authority (role_id,authority_name) values (?,?)
Hibernate: insert into role_authority (role_id,authority_name) values (?,?)
Hibernate: insert into role_authority (role_id,authority_name) values (?,?)
Hibernate: insert into role_authority (role_id,authority_name) values (?,?)
Hibernate: insert into role_authority (role_id,authority_name) values (?,?)
Hibernate: insert into role_authority (role_id,authority_name) values (?,?)
Hibernate: insert into role_authority (role_id,authority_name) values (?,?)
Hibernate: insert into role_authority (role_id,authority_name) values (?,?)
Hibernate: insert into role_authority (role_id,authority_name) values (?,?)
Hibernate: insert into role_authority (role_id,authority_name) values (?,?)
Hibernate: insert into role_authority (role_id,authority_name) values (?,?)
Hibernate: insert into role_authority (role_id,authority_name) values (?,?)
Hibernate: insert into role_authority (role_id,authority_name) values (?,?)
Hibernate: insert into role_authority (role_id,authority_name) values (?,?)
Hibernate: insert into role_authority (role_id,authority_name) values (?,?)
Hibernate: insert into role_authority (role_id,authority_name) values (?,?)
Hibernate: insert into role_authority (role_id,authority_name) values (?,?)
Hibernate: insert into role_authority (role_id,authority_name) values (?,?)
Hibernate: insert into role_authority (role_id,authority_name) values (?,?)
Hibernate: insert into role_authority (role_id,authority_name) values (?,?)
Hibernate: insert into role_authority (role_id,authority_name) values (?,?)
Hibernate: insert into role_authority (role_id,authority_name) values (?,?)
Hibernate: insert into role_authority (role_id,authority_name) values (?,?)

--- Seeding Tenant: LOCAL-BANK-002 ---
2026-03-13T14:57:17.851Z DEBUG 3202 --- [           main] [                                                 ] c.b.common.aspect.TenantFilterAspect     : >>>> [ASPECT-START] Intercepting repository call. SystemMode: true, Current BankId: LOCAL-BANK-002
2026-03-13T14:57:17.851Z  INFO 3202 --- [           main] [                                                 ] c.b.common.aspect.TenantFilterAspect     : >>>> [ASPECT-BYPASS] System Mode detected. Disabling Hibernate Filter: bankTenantFilter
Hibernate: SELECT * FROM bank_configuration WHERE bank_id = ?
2026-03-13T14:57:17.854Z DEBUG 3202 --- [           main] [                                                 ] c.b.common.aspect.TenantFilterAspect     : >>>> [ASPECT-START] Intercepting repository call. SystemMode: true, Current BankId: LOCAL-BANK-002
2026-03-13T14:57:17.854Z  INFO 3202 --- [           main] [                                                 ] c.b.common.aspect.TenantFilterAspect     : >>>> [ASPECT-BYPASS] System Mode detected. Disabling Hibernate Filter: bankTenantFilter
Hibernate: insert into bank_configuration (allow_multi_bundle_product,bank_id,client_id,created_at,created_by,currency_code,issuer_url,updated_at,updated_by,id) values (?,?,?,?,?,?,?,?,?,default)
Seeded Bank Configuration for LOCAL-BANK-002 with Issuer: https://dev-identity.bankengine.com/LOCAL-BANK-002
2026-03-13T14:57:17.857Z DEBUG 3202 --- [           main] [                                                 ] c.b.common.aspect.TenantFilterAspect     : >>>> [ASPECT-START] Intercepting repository call. SystemMode: true, Current BankId: LOCAL-BANK-002
2026-03-13T14:57:17.857Z  INFO 3202 --- [           main] [                                                 ] c.b.common.aspect.TenantFilterAspect     : >>>> [ASPECT-BYPASS] System Mode detected. Disabling Hibernate Filter: bankTenantFilter
Hibernate: select r1_0.id,r1_0.bank_id,r1_0.created_at,r1_0.created_by,r1_0.name,r1_0.updated_at,r1_0.updated_by from role r1_0 where r1_0.name=?
Hibernate: select a1_0.role_id,a1_0.authority_name from role_authority a1_0 where a1_0.role_id=?
2026-03-13T14:57:17.869Z DEBUG 3202 --- [           main] [                                                 ] c.b.common.aspect.TenantFilterAspect     : >>>> [ASPECT-START] Intercepting repository call. SystemMode: true, Current BankId: LOCAL-BANK-002
2026-03-13T14:57:17.869Z  INFO 3202 --- [           main] [                                                 ] c.b.common.aspect.TenantFilterAspect     : >>>> [ASPECT-BYPASS] System Mode detected. Disabling Hibernate Filter: bankTenantFilter
Updated BANK_ADMIN for LOCAL-BANK-002 with 42 permissions.
2026-03-13T14:57:17.872Z DEBUG 3202 --- [           main] [                                                 ] c.b.common.aspect.TenantFilterAspect     : >>>> [ASPECT-START] Intercepting repository call. SystemMode: true, Current BankId: LOCAL-BANK-002
2026-03-13T14:57:17.872Z  INFO 3202 --- [           main] [                                                 ] c.b.common.aspect.TenantFilterAspect     : >>>> [ASPECT-BYPASS] System Mode detected. Disabling Hibernate Filter: bankTenantFilter
Hibernate: select count(*) from pricing_input_metadata pim1_0
2026-03-13T14:57:17.878Z DEBUG 3202 --- [           main] [                                                 ] c.b.common.aspect.TenantFilterAspect     : >>>> [ASPECT-START] Intercepting repository call. SystemMode: true, Current BankId: LOCAL-BANK-002
2026-03-13T14:57:17.878Z  INFO 3202 --- [           main] [                                                 ] c.b.common.aspect.TenantFilterAspect     : >>>> [ASPECT-BYPASS] System Mode detected. Disabling Hibernate Filter: bankTenantFilter
Hibernate: select pt1_0.id,pt1_0.bank_id,pt1_0.code,pt1_0.created_at,pt1_0.created_by,pt1_0.name,pt1_0.status,pt1_0.updated_at,pt1_0.updated_by from product_type pt1_0 where pt1_0.bank_id=? and pt1_0.code=?
2026-03-13T14:57:17.881Z DEBUG 3202 --- [           main] [                                                 ] c.b.common.aspect.TenantFilterAspect     : >>>> [ASPECT-START] Intercepting repository call. SystemMode: true, Current BankId: LOCAL-BANK-002
2026-03-13T14:57:17.881Z  INFO 3202 --- [           main] [                                                 ] c.b.common.aspect.TenantFilterAspect     : >>>> [ASPECT-BYPASS] System Mode detected. Disabling Hibernate Filter: bankTenantFilter
Hibernate: insert into product_type (bank_id,code,created_at,created_by,name,status,updated_at,updated_by,id) values (?,?,?,?,?,?,?,?,default)
Seeded Product Types for LOCAL-BANK-002
2026-03-13T14:57:17.883Z DEBUG 3202 --- [           main] [                                                 ] c.b.common.aspect.TenantFilterAspect     : >>>> [ASPECT-START] Intercepting repository call. SystemMode: true, Current BankId: LOCAL-BANK-002
2026-03-13T14:57:17.883Z  INFO 3202 --- [           main] [                                                 ] c.b.common.aspect.TenantFilterAspect     : >>>> [ASPECT-BYPASS] System Mode detected. Disabling Hibernate Filter: bankTenantFilter
Hibernate: select pt1_0.id,pt1_0.bank_id,pt1_0.code,pt1_0.created_at,pt1_0.created_by,pt1_0.name,pt1_0.status,pt1_0.updated_at,pt1_0.updated_by from product_type pt1_0 where pt1_0.bank_id=? and pt1_0.code=?
2026-03-13T14:57:17.886Z DEBUG 3202 --- [           main] [                                                 ] c.b.common.aspect.TenantFilterAspect     : >>>> [ASPECT-START] Intercepting repository call. SystemMode: true, Current BankId: LOCAL-BANK-002
2026-03-13T14:57:17.886Z  INFO 3202 --- [           main] [                                                 ] c.b.common.aspect.TenantFilterAspect     : >>>> [ASPECT-BYPASS] System Mode detected. Disabling Hibernate Filter: bankTenantFilter
Hibernate: select fc1_0.id,fc1_0.activation_date,fc1_0.bank_id,fc1_0.code,fc1_0.created_at,fc1_0.created_by,fc1_0.data_type,fc1_0.expiry_date,fc1_0.name,fc1_0.status,fc1_0.updated_at,fc1_0.updated_by,fc1_0.version from feature_component fc1_0 where fc1_0.bank_id=? and fc1_0.code=? and fc1_0.version=?
2026-03-13T14:57:17.889Z DEBUG 3202 --- [           main] [                                                 ] c.b.common.aspect.TenantFilterAspect     : >>>> [ASPECT-START] Intercepting repository call. SystemMode: true, Current BankId: LOCAL-BANK-002
2026-03-13T14:57:17.889Z  INFO 3202 --- [           main] [                                                 ] c.b.common.aspect.TenantFilterAspect     : >>>> [ASPECT-BYPASS] System Mode detected. Disabling Hibernate Filter: bankTenantFilter
Hibernate: insert into feature_component (activation_date,bank_id,code,created_at,created_by,data_type,expiry_date,name,status,updated_at,updated_by,version,id) values (?,?,?,?,?,?,?,?,?,?,?,?,default)
2026-03-13T14:57:17.891Z DEBUG 3202 --- [           main] [                                                 ] c.b.common.aspect.TenantFilterAspect     : >>>> [ASPECT-START] Intercepting repository call. SystemMode: true, Current BankId: LOCAL-BANK-002
2026-03-13T14:57:17.891Z  INFO 3202 --- [           main] [                                                 ] c.b.common.aspect.TenantFilterAspect     : >>>> [ASPECT-BYPASS] System Mode detected. Disabling Hibernate Filter: bankTenantFilter
Hibernate: insert into product (activation_date,bank_id,category,code,created_at,created_by,display_order,expiry_date,is_featured,full_description,icon_url,name,product_type_id,status,tagline,target_customer_segments,terms_and_conditions,updated_at,updated_by,version,id) values (?,?,?,?,?,?,?,?,?,?,?,?,?,?,?,?,?,?,?,?,default)
Hibernate: insert into product (activation_date,bank_id,category,code,created_at,created_by,display_order,expiry_date,is_featured,full_description,icon_url,name,product_type_id,status,tagline,target_customer_segments,terms_and_conditions,updated_at,updated_by,version,id) values (?,?,?,?,?,?,?,?,?,?,?,?,?,?,?,?,?,?,?,?,default)
2026-03-13T14:57:17.895Z DEBUG 3202 --- [           main] [                                                 ] c.b.common.aspect.TenantFilterAspect     : >>>> [ASPECT-START] Intercepting repository call. SystemMode: true, Current BankId: LOCAL-BANK-002
2026-03-13T14:57:17.895Z  INFO 3202 --- [           main] [                                                 ] c.b.common.aspect.TenantFilterAspect     : >>>> [ASPECT-BYPASS] System Mode detected. Disabling Hibernate Filter: bankTenantFilter
Hibernate: insert into product_feature_link (bank_id,created_at,created_by,feature_component_id,feature_value,product_id,updated_at,updated_by,id) values (?,?,?,?,?,?,?,?,default)
2026-03-13T14:57:17.897Z DEBUG 3202 --- [           main] [                                                 ] c.b.common.aspect.TenantFilterAspect     : >>>> [ASPECT-START] Intercepting repository call. SystemMode: true, Current BankId: LOCAL-BANK-002
2026-03-13T14:57:17.897Z  INFO 3202 --- [           main] [                                                 ] c.b.common.aspect.TenantFilterAspect     : >>>> [ASPECT-BYPASS] System Mode detected. Disabling Hibernate Filter: bankTenantFilter
Hibernate: select pc1_0.id,pc1_0.activation_date,pc1_0.bank_id,pc1_0.code,pc1_0.created_at,pc1_0.created_by,pc1_0.description,pc1_0.expiry_date,pc1_0.name,pc1_0.pro_rata_applicable,pc1_0.status,pc1_0.type,pc1_0.updated_at,pc1_0.updated_by,pc1_0.version from pricing_component pc1_0 where pc1_0.bank_id=? and pc1_0.code=? and pc1_0.version=?
2026-03-13T14:57:17.901Z DEBUG 3202 --- [           main] [                                                 ] c.b.common.aspect.TenantFilterAspect     : >>>> [ASPECT-START] Intercepting repository call. SystemMode: true, Current BankId: LOCAL-BANK-002
2026-03-13T14:57:17.901Z  INFO 3202 --- [           main] [                                                 ] c.b.common.aspect.TenantFilterAspect     : >>>> [ASPECT-BYPASS] System Mode detected. Disabling Hibernate Filter: bankTenantFilter
Hibernate: insert into pricing_component (activation_date,bank_id,code,created_at,created_by,description,expiry_date,name,pro_rata_applicable,status,type,updated_at,updated_by,version,id) values (?,?,?,?,?,?,?,?,?,?,?,?,?,?,default)
2026-03-13T14:57:17.904Z DEBUG 3202 --- [           main] [                                                 ] c.b.common.aspect.TenantFilterAspect     : >>>> [ASPECT-START] Intercepting repository call. SystemMode: true, Current BankId: LOCAL-BANK-002
2026-03-13T14:57:17.904Z  INFO 3202 --- [           main] [                                                 ] c.b.common.aspect.TenantFilterAspect     : >>>> [ASPECT-BYPASS] System Mode detected. Disabling Hibernate Filter: bankTenantFilter
Hibernate: insert into pricing_tier (apply_charge_on_full_breach,bank_id,code,created_at,created_by,max_threshold,min_threshold,name,pricing_component_id,priority,updated_at,updated_by,id) values (?,?,?,?,?,?,?,?,?,?,?,?,default)
2026-03-13T14:57:17.906Z DEBUG 3202 --- [           main] [                                                 ] c.b.common.aspect.TenantFilterAspect     : >>>> [ASPECT-START] Intercepting repository call. SystemMode: true, Current BankId: LOCAL-BANK-002
2026-03-13T14:57:17.906Z  INFO 3202 --- [           main] [                                                 ] c.b.common.aspect.TenantFilterAspect     : >>>> [ASPECT-BYPASS] System Mode detected. Disabling Hibernate Filter: bankTenantFilter
Hibernate: insert into tier_condition (attribute_name,attribute_value,bank_id,connector,created_at,created_by,operator,pricing_tier_id,updated_at,updated_by,id) values (?,?,?,?,?,?,?,?,?,?,default)
2026-03-13T14:57:17.907Z DEBUG 3202 --- [           main] [                                                 ] c.b.common.aspect.TenantFilterAspect     : >>>> [ASPECT-START] Intercepting repository call. SystemMode: true, Current BankId: LOCAL-BANK-002
2026-03-13T14:57:17.908Z  INFO 3202 --- [           main] [                                                 ] c.b.common.aspect.TenantFilterAspect     : >>>> [ASPECT-BYPASS] System Mode detected. Disabling Hibernate Filter: bankTenantFilter
Hibernate: insert into price_value (bank_id,created_at,created_by,pricing_tier_id,raw_value,updated_at,updated_by,value_type,id) values (?,?,?,?,?,?,?,?,default)
2026-03-13T14:57:17.909Z DEBUG 3202 --- [           main] [                                                 ] c.b.common.aspect.TenantFilterAspect     : >>>> [ASPECT-START] Intercepting repository call. SystemMode: true, Current BankId: LOCAL-BANK-002
2026-03-13T14:57:17.909Z  INFO 3202 --- [           main] [                                                 ] c.b.common.aspect.TenantFilterAspect     : >>>> [ASPECT-BYPASS] System Mode detected. Disabling Hibernate Filter: bankTenantFilter
Hibernate: select p1_0.id,p1_0.activation_date,p1_0.bank_id,p1_0.category,p1_0.code,p1_0.created_at,p1_0.created_by,p1_0.display_order,p1_0.expiry_date,p1_0.is_featured,p1_0.full_description,p1_0.icon_url,p1_0.name,p1_0.product_type_id,p1_0.status,p1_0.tagline,p1_0.target_customer_segments,p1_0.terms_and_conditions,p1_0.updated_at,p1_0.updated_by,p1_0.version from product p1_0 where p1_0.bank_id=? and p1_0.code=? and p1_0.version=?
2026-03-13T14:57:17.914Z DEBUG 3202 --- [           main] [                                                 ] c.b.common.aspect.TenantFilterAspect     : >>>> [ASPECT-START] Intercepting repository call. SystemMode: true, Current BankId: LOCAL-BANK-002
2026-03-13T14:57:17.914Z  INFO 3202 --- [           main] [                                                 ] c.b.common.aspect.TenantFilterAspect     : >>>> [ASPECT-BYPASS] System Mode detected. Disabling Hibernate Filter: bankTenantFilter
Hibernate: insert into product_pricing_link (bank_id,created_at,created_by,effective_date,expiry_date,fixed_value,fixed_value_type,pricing_component_id,product_id,target_component_code,updated_at,updated_by,use_rules_engine,id) values (?,?,?,?,?,?,?,?,?,?,?,?,?,default)
2026-03-13T14:57:17.916Z DEBUG 3202 --- [           main] [                                                 ] c.b.common.aspect.TenantFilterAspect     : >>>> [ASPECT-START] Intercepting repository call. SystemMode: true, Current BankId: LOCAL-BANK-002
2026-03-13T14:57:17.917Z  INFO 3202 --- [           main] [                                                 ] c.b.common.aspect.TenantFilterAspect     : >>>> [ASPECT-BYPASS] System Mode detected. Disabling Hibernate Filter: bankTenantFilter
Hibernate: select p1_0.id,p1_0.activation_date,p1_0.bank_id,p1_0.category,p1_0.code,p1_0.created_at,p1_0.created_by,p1_0.display_order,p1_0.expiry_date,p1_0.is_featured,p1_0.full_description,p1_0.icon_url,p1_0.name,p1_0.product_type_id,p1_0.status,p1_0.tagline,p1_0.target_customer_segments,p1_0.terms_and_conditions,p1_0.updated_at,p1_0.updated_by,p1_0.version from product p1_0 where p1_0.bank_id=? and p1_0.code=? and p1_0.version=?
2026-03-13T14:57:17.921Z DEBUG 3202 --- [           main] [                                                 ] c.b.common.aspect.TenantFilterAspect     : >>>> [ASPECT-START] Intercepting repository call. SystemMode: true, Current BankId: LOCAL-BANK-002
2026-03-13T14:57:17.921Z  INFO 3202 --- [           main] [                                                 ] c.b.common.aspect.TenantFilterAspect     : >>>> [ASPECT-BYPASS] System Mode detected. Disabling Hibernate Filter: bankTenantFilter
Hibernate: select p1_0.id,p1_0.activation_date,p1_0.bank_id,p1_0.category,p1_0.code,p1_0.created_at,p1_0.created_by,p1_0.display_order,p1_0.expiry_date,p1_0.is_featured,p1_0.full_description,p1_0.icon_url,p1_0.name,p1_0.product_type_id,p1_0.status,p1_0.tagline,p1_0.target_customer_segments,p1_0.terms_and_conditions,p1_0.updated_at,p1_0.updated_by,p1_0.version from product p1_0 where p1_0.bank_id=? and p1_0.code=? and p1_0.version=?
2026-03-13T14:57:17.925Z DEBUG 3202 --- [           main] [                                                 ] c.b.common.aspect.TenantFilterAspect     : >>>> [ASPECT-START] Intercepting repository call. SystemMode: true, Current BankId: LOCAL-BANK-002
2026-03-13T14:57:17.925Z  INFO 3202 --- [           main] [                                                 ] c.b.common.aspect.TenantFilterAspect     : >>>> [ASPECT-BYPASS] System Mode detected. Disabling Hibernate Filter: bankTenantFilter
Hibernate: insert into product_bundle (activation_date,bank_id,code,created_at,created_by,description,expiry_date,name,status,target_customer_segments,updated_at,updated_by,version,id) values (?,?,?,?,?,?,?,?,?,?,?,?,?,default)
Hibernate: insert into bundle_product_link (bank_id,created_at,created_by,is_main_account,is_mandatory,product_id,product_bundle_id,updated_at,updated_by,id) values (?,?,?,?,?,?,?,?,?,default)
Hibernate: insert into bundle_product_link (bank_id,created_at,created_by,is_main_account,is_mandatory,product_id,product_bundle_id,updated_at,updated_by,id) values (?,?,?,?,?,?,?,?,?,default)
Seeded Product Bundle for LOCAL-BANK-002
Hibernate: update role set name=?,updated_at=?,updated_by=? where id=?
Hibernate: delete from role_authority where role_id=?
Hibernate: insert into bank_category_conflicts (config_id,categorya,categoryb) values (?,?,?)
Hibernate: insert into role_authority (role_id,authority_name) values (?,?)
Hibernate: insert into role_authority (role_id,authority_name) values (?,?)
Hibernate: insert into role_authority (role_id,authority_name) values (?,?)
Hibernate: insert into role_authority (role_id,authority_name) values (?,?)
Hibernate: insert into role_authority (role_id,authority_name) values (?,?)
Hibernate: insert into role_authority (role_id,authority_name) values (?,?)
Hibernate: insert into role_authority (role_id,authority_name) values (?,?)
Hibernate: insert into role_authority (role_id,authority_name) values (?,?)
Hibernate: insert into role_authority (role_id,authority_name) values (?,?)
Hibernate: insert into role_authority (role_id,authority_name) values (?,?)
Hibernate: insert into role_authority (role_id,authority_name) values (?,?)
Hibernate: insert into role_authority (role_id,authority_name) values (?,?)
Hibernate: insert into role_authority (role_id,authority_name) values (?,?)
Hibernate: insert into role_authority (role_id,authority_name) values (?,?)
Hibernate: insert into role_authority (role_id,authority_name) values (?,?)
Hibernate: insert into role_authority (role_id,authority_name) values (?,?)
Hibernate: insert into role_authority (role_id,authority_name) values (?,?)
Hibernate: insert into role_authority (role_id,authority_name) values (?,?)
Hibernate: insert into role_authority (role_id,authority_name) values (?,?)
Hibernate: insert into role_authority (role_id,authority_name) values (?,?)
Hibernate: insert into role_authority (role_id,authority_name) values (?,?)
Hibernate: insert into role_authority (role_id,authority_name) values (?,?)
Hibernate: insert into role_authority (role_id,authority_name) values (?,?)
Hibernate: insert into role_authority (role_id,authority_name) values (?,?)
Hibernate: insert into role_authority (role_id,authority_name) values (?,?)
Hibernate: insert into role_authority (role_id,authority_name) values (?,?)
Hibernate: insert into role_authority (role_id,authority_name) values (?,?)
Hibernate: insert into role_authority (role_id,authority_name) values (?,?)
Hibernate: insert into role_authority (role_id,authority_name) values (?,?)
Hibernate: insert into role_authority (role_id,authority_name) values (?,?)
Hibernate: insert into role_authority (role_id,authority_name) values (?,?)
Hibernate: insert into role_authority (role_id,authority_name) values (?,?)
Hibernate: insert into role_authority (role_id,authority_name) values (?,?)
Hibernate: insert into role_authority (role_id,authority_name) values (?,?)
Hibernate: insert into role_authority (role_id,authority_name) values (?,?)
Hibernate: insert into role_authority (role_id,authority_name) values (?,?)
Hibernate: insert into role_authority (role_id,authority_name) values (?,?)
Hibernate: insert into role_authority (role_id,authority_name) values (?,?)
Hibernate: insert into role_authority (role_id,authority_name) values (?,?)
Hibernate: insert into role_authority (role_id,authority_name) values (?,?)
Hibernate: insert into role_authority (role_id,authority_name) values (?,?)
Hibernate: insert into role_authority (role_id,authority_name) values (?,?)

--- Seeding Complete ---
2026-03-13T14:57:19.372Z  INFO 3202 --- [nio-8080-exec-1] [                                                 ] o.a.c.c.C.[Tomcat].[localhost].[/]       : Initializing Spring DispatcherServlet 'dispatcherServlet'
2026-03-13T14:57:19.372Z  INFO 3202 --- [nio-8080-exec-1] [                                                 ] o.s.web.servlet.DispatcherServlet        : Initializing Servlet 'dispatcherServlet'
2026-03-13T14:57:19.375Z  INFO 3202 --- [nio-8080-exec-1] [                                                 ] o.s.web.servlet.DispatcherServlet        : Completed initialization in 3 ms
2026-03-13T14:57:19.408Z DEBUG 3202 --- [nio-8080-exec-1] [69b425cfa61f32fae529f64b5527cc87-e529f64b5527cc87] o.s.security.web.FilterChainProxy        : Securing GET /login
2026-03-13T14:57:19.420Z  WARN 3202 --- [nio-8080-exec-1] [69b425cfa61f32fae529f64b5527cc87-f18dba948bbc9d9c] c.b.auth.security.TenantContextFilter    : Tenant context setup failed: User is not authenticated or security context is empty.
2026-03-13T14:57:19.423Z DEBUG 3202 --- [nio-8080-exec-1] [69b425cfa61f32fae529f64b5527cc87-f18dba948bbc9d9c] o.s.s.w.a.AnonymousAuthenticationFilter  : Set SecurityContextHolder to anonymous SecurityContext
2026-03-13T14:57:19.431Z DEBUG 3202 --- [nio-8080-exec-1] [69b425cfa61f32fae529f64b5527cc87-90e0293002193529] o.s.security.web.FilterChainProxy        : Secured GET /login
2026-03-13T14:57:19.503Z DEBUG 3202 --- [nio-8080-exec-1] [69b425cfa61f32fae529f64b5527cc87-90e0293002193529] o.s.security.web.FilterChainProxy        : Securing GET /index.html
2026-03-13T14:57:19.505Z DEBUG 3202 --- [nio-8080-exec-1] [69b425cfa61f32fae529f64b5527cc87-28a6e3ccdbdd7c0d] o.s.security.web.FilterChainProxy        : Secured GET /index.html
2026-03-13T14:57:19.562Z DEBUG 3202 --- [nio-8080-exec-2] [69b425cf3fbf90fb45e3ef14470ca459-45e3ef14470ca459] o.s.security.web.FilterChainProxy        : Securing GET /static/js/main.5bc86773.js
2026-03-13T14:57:19.563Z  WARN 3202 --- [nio-8080-exec-2] [69b425cf3fbf90fb45e3ef14470ca459-72e5198aacedfd24] c.b.auth.security.TenantContextFilter    : Tenant context setup failed: User is not authenticated or security context is empty.
2026-03-13T14:57:19.563Z DEBUG 3202 --- [nio-8080-exec-3] [69b425cf621f0ec9133d5331d88c2c6a-133d5331d88c2c6a] o.s.security.web.FilterChainProxy        : Securing GET /static/css/main.b8a386c2.css
2026-03-13T14:57:19.564Z DEBUG 3202 --- [nio-8080-exec-2] [69b425cf3fbf90fb45e3ef14470ca459-72e5198aacedfd24] o.s.s.w.a.AnonymousAuthenticationFilter  : Set SecurityContextHolder to anonymous SecurityContext
2026-03-13T14:57:19.564Z  WARN 3202 --- [nio-8080-exec-3] [69b425cf621f0ec9133d5331d88c2c6a-27d21d7fb1b149c3] c.b.auth.security.TenantContextFilter    : Tenant context setup failed: User is not authenticated or security context is empty.
2026-03-13T14:57:19.565Z DEBUG 3202 --- [nio-8080-exec-2] [69b425cf3fbf90fb45e3ef14470ca459-7688b724068ca173] o.s.security.web.FilterChainProxy        : Secured GET /static/js/main.5bc86773.js
2026-03-13T14:57:19.565Z DEBUG 3202 --- [nio-8080-exec-3] [69b425cf621f0ec9133d5331d88c2c6a-27d21d7fb1b149c3] o.s.s.w.a.AnonymousAuthenticationFilter  : Set SecurityContextHolder to anonymous SecurityContext
2026-03-13T14:57:19.566Z DEBUG 3202 --- [nio-8080-exec-3] [69b425cf621f0ec9133d5331d88c2c6a-93c222895b7c30fe] o.s.security.web.FilterChainProxy        : Secured GET /static/css/main.b8a386c2.css
2026-03-13T14:57:20.255Z DEBUG 3202 --- [nio-8080-exec-4] [69b425d003f4ddadc60ec086b573aeb3-c60ec086b573aeb3] o.s.security.web.FilterChainProxy        : Securing GET /api/v1/public/catalog/config/SYSTEM
2026-03-13T14:57:20.256Z  WARN 3202 --- [nio-8080-exec-4] [69b425d003f4ddadc60ec086b573aeb3-652c01f57536e395] c.b.auth.security.TenantContextFilter    : Tenant context setup failed: User is not authenticated or security context is empty.
2026-03-13T14:57:20.257Z DEBUG 3202 --- [nio-8080-exec-4] [69b425d003f4ddadc60ec086b573aeb3-652c01f57536e395] o.s.s.w.a.AnonymousAuthenticationFilter  : Set SecurityContextHolder to anonymous SecurityContext
2026-03-13T14:57:20.258Z DEBUG 3202 --- [nio-8080-exec-4] [69b425d003f4ddadc60ec086b573aeb3-552deea5704d5c47] o.s.security.web.FilterChainProxy        : Secured GET /api/v1/public/catalog/config/SYSTEM
